INFO	2024-10-28 00:48:18,568	0	VamaAndroid	[main]	Before Suite
INFO	2024-10-28 00:48:18,640	72	VamaAndroid	[main]	After Suite
INFO	2024-10-28 00:50:18,673	0	VamaAndroid	[main]	Before Suite
INFO	2024-10-28 00:50:18,746	73	VamaAndroid	[main]	After Suite
INFO	2024-10-28 00:50:50,973	0	VamaAndroid	[main]	Before Suite
INFO	2024-10-28 00:52:26,044	0	VamaAndroid	[main]	Before Suite
INFO	2024-10-28 00:52:26,114	70	VamaAndroid	[main]	After Suite
INFO	2024-10-28 00:53:12,108	0	VamaAndroid	[main]	Before Suite
INFO	2024-10-28 00:53:12,195	87	VamaAndroid	[main]	After Suite
INFO	2024-10-28 00:54:18,879	0	VamaAndroid	[main]	Before Suite
INFO	2024-10-28 00:54:19,137	258	VamaAndroid	[main]	After Suite
INFO	2024-10-28 00:55:56,220	0	VamaAndroid	[main]	Before Suite
INFO	2024-10-28 00:55:56,559	339	VamaAndroid	[main]	Before Method
INFO	2024-10-28 00:56:10,282	14062	VamaAndroid	[main]	After Method
INFO	2024-10-28 00:56:10,730	14510	VamaAndroid	[main]	Before Method
INFO	2024-10-28 00:56:22,672	26452	VamaAndroid	[main]	After Method
INFO	2024-10-28 00:56:23,077	26857	VamaAndroid	[main]	Before Method
INFO	2024-10-28 00:56:35,065	38845	VamaAndroid	[main]	After Method
INFO	2024-10-28 00:56:35,461	39241	VamaAndroid	[main]	Before Method
INFO	2024-10-28 00:56:47,266	51046	VamaAndroid	[main]	After Method
INFO	2024-10-28 00:56:47,698	51478	VamaAndroid	[main]	Before Method
INFO	2024-10-28 00:56:59,557	63337	VamaAndroid	[main]	After Method
INFO	2024-10-28 00:57:00,150	63930	VamaAndroid	[main]	After Suite
INFO	2024-10-28 00:57:57,278	0	VamaAndroid	[main]	Before Suite
INFO	2024-10-28 00:57:57,618	340	VamaAndroid	[main]	Before Method
INFO	2024-10-28 00:58:09,967	12689	VamaAndroid	[main]	🇸🇬    singapore
INFO	2024-10-28 00:58:09,984	12706	VamaAndroid	[main]	🇸🇽    sint maarten
INFO	2024-10-28 00:58:09,986	12708	VamaAndroid	[main]	After Method
INFO	2024-10-28 00:58:10,427	13149	VamaAndroid	[main]	Before Method
INFO	2024-10-28 00:58:22,425	25147	VamaAndroid	[main]	🇭🇳    honduras
INFO	2024-10-28 00:58:22,442	25164	VamaAndroid	[main]	🇭🇰    hong kong
INFO	2024-10-28 00:58:22,444	25166	VamaAndroid	[main]	After Method
INFO	2024-10-28 00:58:22,826	25548	VamaAndroid	[main]	Before Method
INFO	2024-10-28 00:58:34,706	37428	VamaAndroid	[main]	🇫🇰    falkland islands (malvinas)
INFO	2024-10-28 00:58:34,716	37438	VamaAndroid	[main]	🇬🇹    guatemala
INFO	2024-10-28 00:58:34,730	37452	VamaAndroid	[main]	🇲🇼    malawi
INFO	2024-10-28 00:58:34,740	37462	VamaAndroid	[main]	🇲🇾    malaysia
INFO	2024-10-28 00:58:34,752	37474	VamaAndroid	[main]	🇲🇻    maldives
INFO	2024-10-28 00:58:34,763	37485	VamaAndroid	[main]	🇲🇱    mali
INFO	2024-10-28 00:58:34,773	37495	VamaAndroid	[main]	🇲🇹    malta
INFO	2024-10-28 00:58:34,785	37507	VamaAndroid	[main]	🇸🇴    somalia
INFO	2024-10-28 00:58:34,786	37508	VamaAndroid	[main]	After Method
INFO	2024-10-28 00:58:35,254	37976	VamaAndroid	[main]	Before Method
INFO	2024-10-28 00:58:46,778	49500	VamaAndroid	[main]	🇨🇱    chile
INFO	2024-10-28 00:58:46,794	49516	VamaAndroid	[main]	🇨🇳    china
INFO	2024-10-28 00:58:46,796	49518	VamaAndroid	[main]	After Method
INFO	2024-10-28 00:58:47,176	49898	VamaAndroid	[main]	Before Method
INFO	2024-10-28 00:58:59,000	61722	VamaAndroid	[main]	🇦🇱    albania
INFO	2024-10-28 00:58:59,018	61740	VamaAndroid	[main]	🇧🇩    bangladesh
INFO	2024-10-28 00:58:59,036	61758	VamaAndroid	[main]	🇱🇧    lebanon
INFO	2024-10-28 00:58:59,037	61759	VamaAndroid	[main]	After Method
INFO	2024-10-28 00:58:59,484	62206	VamaAndroid	[main]	After Suite
